<?xml version="1.0" encoding="UTF-8"?>
<!-- Generated by org.testng.reporters.JUnitReportReporter -->
<testsuite hostname="DESKTOP-HAQKA9K" name="com.autoqa.framework.uitest.webtestcases.SampleWebDriverTest" tests="1" failures="0" timestamp="28 Sep 2018 00:58:58 GMT" time="5.525" errors="0">
  <testcase name="f" time="5.525" classname="com.autoqa.framework.uitest.webtestcases.SampleWebDriverTest"/>
</testsuite> <!-- com.autoqa.framework.uitest.webtestcases.SampleWebDriverTest -->
