<?xml version="1.0" encoding="UTF-8"?>
<!-- Generated by org.testng.reporters.JUnitReportReporter -->
<testsuite hostname="DESKTOP-HAQKA9K" name="com.autoqa.framework.uitest.utils.PropertyLoaderTest" tests="1" failures="0" timestamp="27 Sep 2018 03:39:14 GMT" time="0.033" errors="0">
  <testcase name="testGetPropertyFileInstance" time="0.033" classname="com.autoqa.framework.uitest.utils.PropertyLoaderTest"/>
</testsuite> <!-- com.autoqa.framework.uitest.utils.PropertyLoaderTest -->
