<?xml version="1.0" encoding="UTF-8"?>
<!-- Generated by org.testng.reporters.JUnitReportReporter -->
<testsuite hostname="DESKTOP-HAQKA9K" name="com.autoqa.framework.uitest.utils.CaptureScreenshotTest" tests="1" failures="0" timestamp="27 Sep 2018 03:39:01 GMT" time="16.302" errors="0">
  <testcase name="testGetSnapshot" time="16.302" classname="com.autoqa.framework.uitest.utils.CaptureScreenshotTest"/>
</testsuite> <!-- com.autoqa.framework.uitest.utils.CaptureScreenshotTest -->
