<?xml version="1.0" encoding="UTF-8"?>
<!-- Generated by org.testng.reporters.JUnitReportReporter -->
<testsuite hostname="DESKTOP-HAQKA9K" name="com.autoqa.framework.uitest.utils.WebDriverMenuTest" tests="1" failures="1" timestamp="27 Sep 2018 04:20:45 GMT" time="81.291" errors="0">
  <testcase name="testGetWebDriverInstance" time="81.291" classname="com.autoqa.framework.uitest.utils.WebDriverMenuTest">
    <failure type="org.openqa.selenium.WebDriverException" message="Failed to connect to binary FirefoxBinary(C:\Program Files (x86)\Mozilla Firefox\firefox.exe) on port 7055; process output follows: 
od startup on aushelper@mozilla.org version 2.0
1538022003637	addons.xpi	DEBUG	Registering manifest for C:\Program Files (x86)\Mozilla Firefox\browser\features\firefox@getpocket.com.xpi
1538022003638	addons.xpi	DEBUG	Calling bootstrap method startup on firefox@getpocket.com version 1.0.5
1538022003649	addons.xpi	DEBUG	Registering manifest for C:\Program Files (x86)\Mozilla Firefox\browser\features\formautofill@mozilla.org.xpi
1538022003649	addons.xpi	DEBUG	Calling bootstrap method startup on formautofill@mozilla.org version 1.0
1538022003651	addons.xpi	DEBUG	Registering manifest for C:\Program Files (x86)\Mozilla Firefox\browser\features\onboarding@mozilla.org.xpi
1538022003651	addons.xpi	DEBUG	Calling bootstrap method startup on onboarding@mozilla.org version 1.0
1538022003652	addons.xpi	DEBUG	Registering manifest for C:\Program Files (x86)\Mozilla Firefox\browser\features\screenshots@mozilla.org.xpi
1538022003653	addons.xpi	DEBUG	Calling bootstrap method startup on screenshots@mozilla.org version 33.0.0
1538022003653	addons.xpi	DEBUG	Registering manifest for C:\Program Files (x86)\Mozilla Firefox\browser\features\webcompat-reporter@mozilla.org.xpi
1538022003654	addons.xpi	DEBUG	Calling bootstrap method startup on webcompat-reporter@mozilla.org version 1.0.0
1538022003654	addons.xpi	DEBUG	Registering manifest for C:\Program Files (x86)\Mozilla Firefox\browser\features\webcompat@mozilla.org.xpi
1538022003656	addons.xpi	DEBUG	Calling bootstrap method startup on webcompat@mozilla.org version 2.0
1538022003660	addons.manager	DEBUG	Registering shutdown blocker for XPIProvider
1538022003660	addons.manager	DEBUG	Provider finished startup: XPIProvider
1538022003661	addons.manager	DEBUG	Starting provider: LightweightThemeManager
1538022003661	addons.manager	DEBUG	Registering shutdown blocker for LightweightThemeManager
1538022003661	addons.manager	DEBUG	Provider finished startup: LightweightThemeManager
1538022003662	addons.manager	DEBUG	Starting provider: GMPProvider
1538022003664	addons.manager	DEBUG	Registering shutdown blocker for GMPProvider
1538022003665	addons.manager	DEBUG	Provider finished startup: GMPProvider
1538022003665	addons.manager	DEBUG	Starting provider: PluginProvider
1538022003665	addons.manager	DEBUG	Registering shutdown blocker for PluginProvider
1538022003665	addons.manager	DEBUG	Provider finished startup: PluginProvider
1538022003668	addons.manager	DEBUG	Completed startup sequence
1538022006913	addons.repository	DEBUG	No addons.json found.
1538022010109	addons.xpi	DEBUG	Ignoring file: name is not a valid add-on ID: C:\Users\Abhinav Goyal\AppData\Local\Temp\anonymous2073494828532963118webdriver-profile\extensions\webdriver-staging
1538022010109	addons.xpi	DEBUG	Existing add-on activity-stream@mozilla.org in app-system-defaults
1538022010110	addons.xpi	DEBUG	Existing add-on aushelper@mozilla.org in app-system-defaults
1538022010110	addons.xpi	DEBUG	Existing add-on firefox@getpocket.com in app-system-defaults
1538022010110	addons.xpi	DEBUG	Existing add-on formautofill@mozilla.org in app-system-defaults
1538022010110	addons.xpi	DEBUG	Existing add-on onboarding@mozilla.org in app-system-defaults
1538022010110	addons.xpi	DEBUG	Existing add-on screenshots@mozilla.org in app-system-defaults
1538022010111	addons.xpi	DEBUG	Existing add-on webcompat-reporter@mozilla.org in app-system-defaults
1538022010111	addons.xpi	DEBUG	Existing add-on webcompat@mozilla.org in app-system-defaults
1538022010112	addons.xpi	DEBUG	Existing add-on mozilla_cc@internetdownloadmanager.com in winreg-app-user
1538022010112	addons.xpi	DEBUG	Existing add-on {d5bc46d8-67c7-11dc-8c1d-0097498c2b7a} in winreg-app-user
1538022010112	addons.xpi	DEBUG	scanForChanges changed: false, state: {}
JavaScript error: resource://gre/modules/addons/XPIProvider.jsm, line 2579: TypeError: addon is null
1538022042219	addons.productaddons	INFO	sending request to: https://aus5.mozilla.org/update/3/GMP/62.0/20180830143136/WINNT_x86_64-msvc-x64/en-US/release/Windows_NT%2010.0.0.0.14393.2214%20(x64)/default/default/update.xml

Build info: version: &#039;2.53.1&#039;, revision: &#039;a36b8b1cd5757287168e54b817830adce9b0158d&#039;, time: &#039;2016-06-30 19:26:09&#039;
System info: host: &#039;DESKTOP-HAQKA9K&#039;, ip: &#039;192.168.244.2&#039;, os.name: &#039;Windows 10&#039;, os.arch: &#039;amd64&#039;, os.version: &#039;10.0&#039;, java.version: &#039;1.8.0_121&#039;
Driver info: driver.version: FirefoxDriver">
      <![CDATA[org.openqa.selenium.WebDriverException: Failed to connect to binary FirefoxBinary(C:\Program Files (x86)\Mozilla Firefox\firefox.exe) on port 7055; process output follows: 
od startup on aushelper@mozilla.org version 2.0
1538022003637	addons.xpi	DEBUG	Registering manifest for C:\Program Files (x86)\Mozilla Firefox\browser\features\firefox@getpocket.com.xpi
1538022003638	addons.xpi	DEBUG	Calling bootstrap method startup on firefox@getpocket.com version 1.0.5
1538022003649	addons.xpi	DEBUG	Registering manifest for C:\Program Files (x86)\Mozilla Firefox\browser\features\formautofill@mozilla.org.xpi
1538022003649	addons.xpi	DEBUG	Calling bootstrap method startup on formautofill@mozilla.org version 1.0
1538022003651	addons.xpi	DEBUG	Registering manifest for C:\Program Files (x86)\Mozilla Firefox\browser\features\onboarding@mozilla.org.xpi
1538022003651	addons.xpi	DEBUG	Calling bootstrap method startup on onboarding@mozilla.org version 1.0
1538022003652	addons.xpi	DEBUG	Registering manifest for C:\Program Files (x86)\Mozilla Firefox\browser\features\screenshots@mozilla.org.xpi
1538022003653	addons.xpi	DEBUG	Calling bootstrap method startup on screenshots@mozilla.org version 33.0.0
1538022003653	addons.xpi	DEBUG	Registering manifest for C:\Program Files (x86)\Mozilla Firefox\browser\features\webcompat-reporter@mozilla.org.xpi
1538022003654	addons.xpi	DEBUG	Calling bootstrap method startup on webcompat-reporter@mozilla.org version 1.0.0
1538022003654	addons.xpi	DEBUG	Registering manifest for C:\Program Files (x86)\Mozilla Firefox\browser\features\webcompat@mozilla.org.xpi
1538022003656	addons.xpi	DEBUG	Calling bootstrap method startup on webcompat@mozilla.org version 2.0
1538022003660	addons.manager	DEBUG	Registering shutdown blocker for XPIProvider
1538022003660	addons.manager	DEBUG	Provider finished startup: XPIProvider
1538022003661	addons.manager	DEBUG	Starting provider: LightweightThemeManager
1538022003661	addons.manager	DEBUG	Registering shutdown blocker for LightweightThemeManager
1538022003661	addons.manager	DEBUG	Provider finished startup: LightweightThemeManager
1538022003662	addons.manager	DEBUG	Starting provider: GMPProvider
1538022003664	addons.manager	DEBUG	Registering shutdown blocker for GMPProvider
1538022003665	addons.manager	DEBUG	Provider finished startup: GMPProvider
1538022003665	addons.manager	DEBUG	Starting provider: PluginProvider
1538022003665	addons.manager	DEBUG	Registering shutdown blocker for PluginProvider
1538022003665	addons.manager	DEBUG	Provider finished startup: PluginProvider
1538022003668	addons.manager	DEBUG	Completed startup sequence
1538022006913	addons.repository	DEBUG	No addons.json found.
1538022010109	addons.xpi	DEBUG	Ignoring file: name is not a valid add-on ID: C:\Users\Abhinav Goyal\AppData\Local\Temp\anonymous2073494828532963118webdriver-profile\extensions\webdriver-staging
1538022010109	addons.xpi	DEBUG	Existing add-on activity-stream@mozilla.org in app-system-defaults
1538022010110	addons.xpi	DEBUG	Existing add-on aushelper@mozilla.org in app-system-defaults
1538022010110	addons.xpi	DEBUG	Existing add-on firefox@getpocket.com in app-system-defaults
1538022010110	addons.xpi	DEBUG	Existing add-on formautofill@mozilla.org in app-system-defaults
1538022010110	addons.xpi	DEBUG	Existing add-on onboarding@mozilla.org in app-system-defaults
1538022010110	addons.xpi	DEBUG	Existing add-on screenshots@mozilla.org in app-system-defaults
1538022010111	addons.xpi	DEBUG	Existing add-on webcompat-reporter@mozilla.org in app-system-defaults
1538022010111	addons.xpi	DEBUG	Existing add-on webcompat@mozilla.org in app-system-defaults
1538022010112	addons.xpi	DEBUG	Existing add-on mozilla_cc@internetdownloadmanager.com in winreg-app-user
1538022010112	addons.xpi	DEBUG	Existing add-on {d5bc46d8-67c7-11dc-8c1d-0097498c2b7a} in winreg-app-user
1538022010112	addons.xpi	DEBUG	scanForChanges changed: false, state: {}
JavaScript error: resource://gre/modules/addons/XPIProvider.jsm, line 2579: TypeError: addon is null
1538022042219	addons.productaddons	INFO	sending request to: https://aus5.mozilla.org/update/3/GMP/62.0/20180830143136/WINNT_x86_64-msvc-x64/en-US/release/Windows_NT%2010.0.0.0.14393.2214%20(x64)/default/default/update.xml

Build info: version: '2.53.1', revision: 'a36b8b1cd5757287168e54b817830adce9b0158d', time: '2016-06-30 19:26:09'
System info: host: 'DESKTOP-HAQKA9K', ip: '192.168.244.2', os.name: 'Windows 10', os.arch: 'amd64', os.version: '10.0', java.version: '1.8.0_121'
Driver info: driver.version: FirefoxDriver
	at org.openqa.selenium.firefox.internal.NewProfileExtensionConnection.start(NewProfileExtensionConnection.java:125)
	at org.openqa.selenium.firefox.FirefoxDriver.startClient(FirefoxDriver.java:271)
	at org.openqa.selenium.remote.RemoteWebDriver.<init>(RemoteWebDriver.java:119)
	at org.openqa.selenium.firefox.FirefoxDriver.<init>(FirefoxDriver.java:216)
	at org.openqa.selenium.firefox.FirefoxDriver.<init>(FirefoxDriver.java:211)
	at org.openqa.selenium.firefox.FirefoxDriver.<init>(FirefoxDriver.java:128)
	at com.autoqa.framework.uitest.utils.WebDriverMenu.getWebDriverInstance(WebDriverMenu.java:52)
	at com.autoqa.framework.uitest.utils.WebDriverMenuTest.testGetWebDriverInstance(WebDriverMenuTest.java:61)
	at sun.reflect.NativeMethodAccessorImpl.invoke0(Native Method)
	at sun.reflect.NativeMethodAccessorImpl.invoke(Unknown Source)
	at sun.reflect.DelegatingMethodAccessorImpl.invoke(Unknown Source)
	at java.lang.reflect.Method.invoke(Unknown Source)
	at org.testng.internal.MethodInvocationHelper.invokeMethod(MethodInvocationHelper.java:84)
	at org.testng.internal.Invoker.invokeMethod(Invoker.java:714)
	at org.testng.internal.Invoker.invokeTestMethod(Invoker.java:901)
	at org.testng.internal.Invoker.invokeTestMethods(Invoker.java:1231)
	at org.testng.internal.TestMethodWorker.invokeTestMethods(TestMethodWorker.java:127)
	at org.testng.internal.TestMethodWorker.run(TestMethodWorker.java:111)
	at org.testng.TestRunner.privateRun(TestRunner.java:767)
	at org.testng.TestRunner.run(TestRunner.java:617)
	at org.testng.SuiteRunner.runTest(SuiteRunner.java:348)
	at org.testng.SuiteRunner.runSequentially(SuiteRunner.java:343)
	at org.testng.SuiteRunner.privateRun(SuiteRunner.java:305)
	at org.testng.SuiteRunner.run(SuiteRunner.java:254)
	at org.testng.SuiteRunnerWorker.runSuite(SuiteRunnerWorker.java:52)
	at org.testng.SuiteRunnerWorker.run(SuiteRunnerWorker.java:86)
	at org.testng.TestNG.runSuitesSequentially(TestNG.java:1224)
	at org.testng.TestNG.runSuitesLocally(TestNG.java:1149)
	at org.testng.TestNG.run(TestNG.java:1057)
	at org.testng.remote.AbstractRemoteTestNG.run(AbstractRemoteTestNG.java:132)
	at org.testng.remote.RemoteTestNG.initAndRun(RemoteTestNG.java:230)
	at org.testng.remote.RemoteTestNG.main(RemoteTestNG.java:76)
Caused by: org.openqa.selenium.firefox.NotConnectedException: Unable to connect to host 127.0.0.1 on port 7055 after 45000 ms. Firefox console output:
od startup on aushelper@mozilla.org version 2.0
1538022003637	addons.xpi	DEBUG	Registering manifest for C:\Program Files (x86)\Mozilla Firefox\browser\features\firefox@getpocket.com.xpi
1538022003638	addons.xpi	DEBUG	Calling bootstrap method startup on firefox@getpocket.com version 1.0.5
1538022003649	addons.xpi	DEBUG	Registering manifest for C:\Program Files (x86)\Mozilla Firefox\browser\features\formautofill@mozilla.org.xpi
1538022003649	addons.xpi	DEBUG	Calling bootstrap method startup on formautofill@mozilla.org version 1.0
1538022003651	addons.xpi	DEBUG	Registering manifest for C:\Program Files (x86)\Mozilla Firefox\browser\features\onboarding@mozilla.org.xpi
1538022003651	addons.xpi	DEBUG	Calling bootstrap method startup on onboarding@mozilla.org version 1.0
1538022003652	addons.xpi	DEBUG	Registering manifest for C:\Program Files (x86)\Mozilla Firefox\browser\features\screenshots@mozilla.org.xpi
1538022003653	addons.xpi	DEBUG	Calling bootstrap method startup on screenshots@mozilla.org version 33.0.0
1538022003653	addons.xpi	DEBUG	Registering manifest for C:\Program Files (x86)\Mozilla Firefox\browser\features\webcompat-reporter@mozilla.org.xpi
1538022003654	addons.xpi	DEBUG	Calling bootstrap method startup on webcompat-reporter@mozilla.org version 1.0.0
1538022003654	addons.xpi	DEBUG	Registering manifest for C:\Program Files (x86)\Mozilla Firefox\browser\features\webcompat@mozilla.org.xpi
1538022003656	addons.xpi	DEBUG	Calling bootstrap method startup on webcompat@mozilla.org version 2.0
1538022003660	addons.manager	DEBUG	Registering shutdown blocker for XPIProvider
1538022003660	addons.manager	DEBUG	Provider finished startup: XPIProvider
1538022003661	addons.manager	DEBUG	Starting provider: LightweightThemeManager
1538022003661	addons.manager	DEBUG	Registering shutdown blocker for LightweightThemeManager
1538022003661	addons.manager	DEBUG	Provider finished startup: LightweightThemeManager
1538022003662	addons.manager	DEBUG	Starting provider: GMPProvider
1538022003664	addons.manager	DEBUG	Registering shutdown blocker for GMPProvider
1538022003665	addons.manager	DEBUG	Provider finished startup: GMPProvider
1538022003665	addons.manager	DEBUG	Starting provider: PluginProvider
1538022003665	addons.manager	DEBUG	Registering shutdown blocker for PluginProvider
1538022003665	addons.manager	DEBUG	Provider finished startup: PluginProvider
1538022003668	addons.manager	DEBUG	Completed startup sequence
1538022006913	addons.repository	DEBUG	No addons.json found.
1538022010109	addons.xpi	DEBUG	Ignoring file: name is not a valid add-on ID: C:\Users\Abhinav Goyal\AppData\Local\Temp\anonymous2073494828532963118webdriver-profile\extensions\webdriver-staging
1538022010109	addons.xpi	DEBUG	Existing add-on activity-stream@mozilla.org in app-system-defaults
1538022010110	addons.xpi	DEBUG	Existing add-on aushelper@mozilla.org in app-system-defaults
1538022010110	addons.xpi	DEBUG	Existing add-on firefox@getpocket.com in app-system-defaults
1538022010110	addons.xpi	DEBUG	Existing add-on formautofill@mozilla.org in app-system-defaults
1538022010110	addons.xpi	DEBUG	Existing add-on onboarding@mozilla.org in app-system-defaults
1538022010110	addons.xpi	DEBUG	Existing add-on screenshots@mozilla.org in app-system-defaults
1538022010111	addons.xpi	DEBUG	Existing add-on webcompat-reporter@mozilla.org in app-system-defaults
1538022010111	addons.xpi	DEBUG	Existing add-on webcompat@mozilla.org in app-system-defaults
1538022010112	addons.xpi	DEBUG	Existing add-on mozilla_cc@internetdownloadmanager.com in winreg-app-user
1538022010112	addons.xpi	DEBUG	Existing add-on {d5bc46d8-67c7-11dc-8c1d-0097498c2b7a} in winreg-app-user
1538022010112	addons.xpi	DEBUG	scanForChanges changed: false, state: {}
JavaScript error: resource://gre/modules/addons/XPIProvider.jsm, line 2579: TypeError: addon is null
1538022042219	addons.productaddons	INFO	sending request to: https://aus5.mozilla.org/update/3/GMP/62.0/20180830143136/WINNT_x86_64-msvc-x64/en-US/release/Windows_NT%2010.0.0.0.14393.2214%20(x64)/default/default/update.xml

	at org.openqa.selenium.firefox.internal.NewProfileExtensionConnection.start(NewProfileExtensionConnection.java:113)
	... 31 more
]]>
    </failure>
  </testcase> <!-- testGetWebDriverInstance -->
</testsuite> <!-- com.autoqa.framework.uitest.utils.WebDriverMenuTest -->
