<?xml version="1.0" encoding="UTF-8"?>
<!-- Generated by org.testng.reporters.JUnitReportReporter -->
<testsuite hostname="DESKTOP-HAQKA9K" name="com.autoqa.framework.uitest.utils.AppTest" tests="1" failures="0" timestamp="25 Sep 2018 05:06:45 GMT" time="0.019" errors="0">
  <testcase name="ApplicationTest" time="0.019" classname="com.autoqa.framework.uitest.utils.AppTest"/>
</testsuite> <!-- com.autoqa.framework.uitest.utils.AppTest -->
